<?xml version="1.0" encoding="UTF-8"?>
<!-- Generated by org.testng.reporters.JUnitXMLReporter -->
<testsuite hostname="DESKTOP-UFNK8MN" ignored="0" name="Test" tests="4" failures="0" timestamp="2020-05-12T22:06:15 PDT" time="86.611" errors="0">
  <testcase name="createCustomer" time="13.287" classname="com.qa.acttimeTestCases.ActiTimeCreateCutomerTest"/>
  <testcase name="testVerifyActiLogo" time="0.069" classname="com.qa.acttimeTestCases.ActiLoginPageTest"/>
  <testcase name="testVerifyLoginPageTitle" time="0.004" classname="com.qa.acttimeTestCases.ActiLoginPageTest"/>
  <testcase name="testValidateLoginFunction" time="0.482" classname="com.qa.acttimeTestCases.ActiLoginPageTest"/>
</testsuite> <!-- Test -->
