<?xml version="1.0" encoding="UTF-8"?>
<testng-results skipped="0" failed="0" ignored="0" total="1" passed="1">
  <reporter-output>
  </reporter-output>
  <suite name="Default suite" duration-ms="26235" started-at="2020-05-10T16:43:19 PDT" finished-at="2020-05-10T16:43:45 PDT">
    <groups>
    </groups>
    <test name="Default test" duration-ms="26235" started-at="2020-05-10T16:43:19 PDT" finished-at="2020-05-10T16:43:45 PDT">
      <class name="com.qa.acttimeTestCases.ActiTimeCreateCutomerTest">
        <test-method status="PASS" signature="preTest()[pri:0, instance:com.qa.acttimeTestCases.ActiTimeCreateCutomerTest@2781e022]" name="preTest" is-config="true" duration-ms="14375" started-at="2020-05-10T16:43:19 PDT" finished-at="2020-05-10T16:43:33 PDT">
          <reporter-output>
          </reporter-output>
        </test-method> <!-- preTest -->
        <test-method status="PASS" signature="createCustomer()[pri:0, instance:com.qa.acttimeTestCases.ActiTimeCreateCutomerTest@2781e022]" name="createCustomer" duration-ms="7704" started-at="2020-05-10T16:43:33 PDT" finished-at="2020-05-10T16:43:41 PDT">
          <reporter-output>
          </reporter-output>
        </test-method> <!-- createCustomer -->
        <test-method status="PASS" signature="postTest()[pri:0, instance:com.qa.acttimeTestCases.ActiTimeCreateCutomerTest@2781e022]" name="postTest" is-config="true" duration-ms="4108" started-at="2020-05-10T16:43:41 PDT" finished-at="2020-05-10T16:43:45 PDT">
          <reporter-output>
          </reporter-output>
        </test-method> <!-- postTest -->
      </class> <!-- com.qa.acttimeTestCases.ActiTimeCreateCutomerTest -->
    </test> <!-- Default test -->
  </suite> <!-- Default suite -->
</testng-results>
